[0m12:35:09.092197 [debug] [MainThread]: Sending event: {'category': 'dbt', 'action': 'invocation', 'label': 'start', 'context': [<snowplow_tracker.self_describing_json.SelfDescribingJson object at 0x0000021A02F047F0>, <snowplow_tracker.self_describing_json.SelfDescribingJson object at 0x0000021A0595CD60>, <snowplow_tracker.self_describing_json.SelfDescribingJson object at 0x0000021A0595DA80>]}


============================== 12:35:09.092197 | cb98e910-56e5-4aac-983b-96de7ee3f0ae ==============================
[0m12:35:09.092197 [info ] [MainThread]: Running with dbt=1.8.3
[0m12:35:09.092197 [debug] [MainThread]: running dbt with arguments {'printer_width': '80', 'indirect_selection': 'eager', 'log_cache_events': 'False', 'write_json': 'True', 'partial_parse': 'True', 'cache_selected_only': 'False', 'warn_error': 'None', 'fail_fast': 'False', 'profiles_dir': 'C:\\Users\\Gurdit Singh\\.dbt', 'log_path': 'logs', 'debug': 'False', 'version_check': 'True', 'use_colors': 'True', 'use_experimental_parser': 'False', 'empty': 'None', 'quiet': 'False', 'no_print': 'None', 'log_format': 'default', 'static_parser': 'True', 'invocation_command': 'dbt init', 'warn_error_options': 'WarnErrorOptions(include=[], exclude=[])', 'target_path': 'None', 'introspect': 'True', 'send_anonymous_usage_stats': 'True'}
[0m12:35:38.582989 [debug] [MainThread]: Starter project path: C:\Users\Gurdit Singh\AppData\Local\pypoetry\Cache\virtualenvs\learnduckdb-pyCQ_YmP-py3.10\lib\site-packages\dbt\include\starter_project
[0m12:35:38.899570 [info ] [MainThread]: 
Your new dbt project "t_duckdb" was created!

For more information on how to configure the profiles.yml file,
please consult the dbt documentation here:

  https://docs.getdbt.com/docs/configure-your-profile

One more thing:

Need help? Don't hesitate to reach out to us via GitHub issues or on Slack:

  https://community.getdbt.com/

Happy modeling!

[0m12:35:38.915194 [info ] [MainThread]: Setting up your profile.
[0m12:35:40.362807 [debug] [MainThread]: Command `dbt init` succeeded at 12:35:40.362807 after 31.52 seconds
[0m12:35:40.362807 [debug] [MainThread]: Sending event: {'category': 'dbt', 'action': 'invocation', 'label': 'end', 'context': [<snowplow_tracker.self_describing_json.SelfDescribingJson object at 0x0000021A02F047F0>, <snowplow_tracker.self_describing_json.SelfDescribingJson object at 0x0000021A0595CD60>, <snowplow_tracker.self_describing_json.SelfDescribingJson object at 0x0000021A05964160>]}
[0m12:35:40.362807 [debug] [MainThread]: Flushing usage events
[0m12:57:13.335683 [debug] [MainThread]: Sending event: {'category': 'dbt', 'action': 'invocation', 'label': 'start', 'context': [<snowplow_tracker.self_describing_json.SelfDescribingJson object at 0x000001D45C614790>, <snowplow_tracker.self_describing_json.SelfDescribingJson object at 0x000001D45EF94C10>, <snowplow_tracker.self_describing_json.SelfDescribingJson object at 0x000001D45EF94DF0>]}


============================== 12:57:13.589821 | 9dee3b1d-7bcf-49d5-bbb6-80da8df48fd2 ==============================
[0m12:57:13.589821 [info ] [MainThread]: Running with dbt=1.8.3
[0m12:57:13.605480 [debug] [MainThread]: running dbt with arguments {'printer_width': '80', 'indirect_selection': 'eager', 'write_json': 'True', 'log_cache_events': 'False', 'partial_parse': 'True', 'cache_selected_only': 'False', 'profiles_dir': 'C:\\Users\\Gurdit Singh\\.dbt', 'fail_fast': 'False', 'debug': 'False', 'log_path': 'logs', 'version_check': 'True', 'warn_error': 'None', 'use_colors': 'True', 'use_experimental_parser': 'False', 'no_print': 'None', 'quiet': 'False', 'empty': 'None', 'warn_error_options': 'WarnErrorOptions(include=[], exclude=[])', 'introspect': 'True', 'invocation_command': 'dbt seed', 'static_parser': 'True', 'target_path': 'None', 'log_format': 'default', 'send_anonymous_usage_stats': 'True'}
[0m12:57:13.605480 [error] [MainThread]: Encountered an error:
Runtime Error
  No dbt_project.yml found at expected path E:\Projects\LearnDuckdb\transform\dbt_project.yml
  Verify that each entry within packages.yml (and their transitive dependencies) contains a file named dbt_project.yml
  
[0m12:57:13.630159 [debug] [MainThread]: Command `dbt seed` failed at 12:57:13.629164 after 0.48 seconds
[0m12:57:13.632156 [debug] [MainThread]: Sending event: {'category': 'dbt', 'action': 'invocation', 'label': 'end', 'context': [<snowplow_tracker.self_describing_json.SelfDescribingJson object at 0x000001D45C614790>, <snowplow_tracker.self_describing_json.SelfDescribingJson object at 0x000001D45EF94C70>, <snowplow_tracker.self_describing_json.SelfDescribingJson object at 0x000001D45EF94B80>]}
[0m12:57:13.635153 [debug] [MainThread]: Flushing usage events
